<?xml version="1.0" encoding="UTF-8"?>
<testng-results ignored="0" total="4" passed="4" failed="0" skipped="0">
  <reporter-output>
  </reporter-output>
  <suite started-at="2023-05-11T15:27:11 GMT" name="search-module" finished-at="2023-05-11T15:29:05 GMT" duration-ms="114011">
    <groups>
    </groups>
    <test started-at="2023-05-11T15:27:11 GMT" name="search-test-java" finished-at="2023-05-11T15:28:47 GMT" duration-ms="96247">
      <class name="com.searchmodule.tests.SearchTest">
        <test-method is-config="true" signature="setupDriver()[pri:0, instance:com.searchmodule.tests.SearchTest@6a2f6f80]" started-at="2023-05-11T15:27:11 GMT" name="setupDriver" finished-at="2023-05-11T15:28:38 GMT" duration-ms="87468" status="PASS">
          <reporter-output>
          </reporter-output>
        </test-method> <!-- setupDriver -->
        <test-method signature="search(java.lang.String)[pri:0, instance:com.searchmodule.tests.SearchTest@6a2f6f80]" started-at="2023-05-11T15:28:42 GMT" name="search" finished-at="2023-05-11T15:28:46 GMT" duration-ms="4273" status="PASS">
          <params>
            <param index="0">
              <value>
                <![CDATA[java]]>
              </value>
            </param>
          </params>
          <reporter-output>
          </reporter-output>
        </test-method> <!-- search -->
        <test-method is-config="true" signature="quitDriver()[pri:0, instance:com.searchmodule.tests.SearchTest@6a2f6f80]" started-at="2023-05-11T15:28:46 GMT" name="quitDriver" finished-at="2023-05-11T15:28:47 GMT" duration-ms="1013" status="PASS">
          <reporter-output>
          </reporter-output>
        </test-method> <!-- quitDriver -->
      </class> <!-- com.searchmodule.tests.SearchTest -->
    </test> <!-- search-test-java -->
    <test started-at="2023-05-11T15:28:48 GMT" name="search-test-webdriver" finished-at="2023-05-11T15:28:54 GMT" duration-ms="6065">
      <class name="com.searchmodule.tests.SearchTest">
        <test-method is-config="true" signature="setupDriver()[pri:0, instance:com.searchmodule.tests.SearchTest@6a03bcb1]" started-at="2023-05-11T15:28:48 GMT" name="setupDriver" finished-at="2023-05-11T15:28:51 GMT" duration-ms="3139" status="PASS">
          <reporter-output>
          </reporter-output>
        </test-method> <!-- setupDriver -->
        <test-method signature="search(java.lang.String)[pri:0, instance:com.searchmodule.tests.SearchTest@6a03bcb1]" started-at="2023-05-11T15:28:51 GMT" name="search" finished-at="2023-05-11T15:28:53 GMT" duration-ms="2547" status="PASS">
          <params>
            <param index="0">
              <value>
                <![CDATA[webdriver]]>
              </value>
            </param>
          </params>
          <reporter-output>
          </reporter-output>
        </test-method> <!-- search -->
        <test-method is-config="true" signature="quitDriver()[pri:0, instance:com.searchmodule.tests.SearchTest@6a03bcb1]" started-at="2023-05-11T15:28:53 GMT" name="quitDriver" finished-at="2023-05-11T15:28:54 GMT" duration-ms="376" status="PASS">
          <reporter-output>
          </reporter-output>
        </test-method> <!-- quitDriver -->
      </class> <!-- com.searchmodule.tests.SearchTest -->
    </test> <!-- search-test-webdriver -->
    <test started-at="2023-05-11T15:28:54 GMT" name="search-test-docker" finished-at="2023-05-11T15:29:00 GMT" duration-ms="6208">
      <class name="com.searchmodule.tests.SearchTest">
        <test-method is-config="true" signature="setupDriver()[pri:0, instance:com.searchmodule.tests.SearchTest@5609159b]" started-at="2023-05-11T15:28:54 GMT" name="setupDriver" finished-at="2023-05-11T15:28:57 GMT" duration-ms="2912" status="PASS">
          <reporter-output>
          </reporter-output>
        </test-method> <!-- setupDriver -->
        <test-method signature="search(java.lang.String)[pri:0, instance:com.searchmodule.tests.SearchTest@5609159b]" started-at="2023-05-11T15:28:57 GMT" name="search" finished-at="2023-05-11T15:28:59 GMT" duration-ms="2483" status="PASS">
          <params>
            <param index="0">
              <value>
                <![CDATA[docker]]>
              </value>
            </param>
          </params>
          <reporter-output>
          </reporter-output>
        </test-method> <!-- search -->
        <test-method is-config="true" signature="quitDriver()[pri:0, instance:com.searchmodule.tests.SearchTest@5609159b]" started-at="2023-05-11T15:28:59 GMT" name="quitDriver" finished-at="2023-05-11T15:29:00 GMT" duration-ms="812" status="PASS">
          <reporter-output>
          </reporter-output>
        </test-method> <!-- quitDriver -->
      </class> <!-- com.searchmodule.tests.SearchTest -->
    </test> <!-- search-test-docker -->
    <test started-at="2023-05-11T15:29:00 GMT" name="search-test-kubernetes" finished-at="2023-05-11T15:29:05 GMT" duration-ms="5144">
      <class name="com.searchmodule.tests.SearchTest">
        <test-method is-config="true" signature="setupDriver()[pri:0, instance:com.searchmodule.tests.SearchTest@76ed1b7c]" started-at="2023-05-11T15:29:00 GMT" name="setupDriver" finished-at="2023-05-11T15:29:02 GMT" duration-ms="2013" status="PASS">
          <reporter-output>
          </reporter-output>
        </test-method> <!-- setupDriver -->
        <test-method signature="search(java.lang.String)[pri:0, instance:com.searchmodule.tests.SearchTest@76ed1b7c]" started-at="2023-05-11T15:29:02 GMT" name="search" finished-at="2023-05-11T15:29:04 GMT" duration-ms="2574" status="PASS">
          <params>
            <param index="0">
              <value>
                <![CDATA[kubernetes]]>
              </value>
            </param>
          </params>
          <reporter-output>
          </reporter-output>
        </test-method> <!-- search -->
        <test-method is-config="true" signature="quitDriver()[pri:0, instance:com.searchmodule.tests.SearchTest@76ed1b7c]" started-at="2023-05-11T15:29:04 GMT" name="quitDriver" finished-at="2023-05-11T15:29:05 GMT" duration-ms="552" status="PASS">
          <reporter-output>
          </reporter-output>
        </test-method> <!-- quitDriver -->
      </class> <!-- com.searchmodule.tests.SearchTest -->
    </test> <!-- search-test-kubernetes -->
  </suite> <!-- search-module -->
</testng-results>
